<?xml version="1.0" encoding="UTF-8"?>
<!-- Generated by org.testng.reporters.JUnitXMLReporter -->
<testsuite hostname="USABOS216452L" ignored="0" name="Default test" tests="3" failures="0" timestamp="18 Oct 2018 17:38:08 GMT" time="26.396" errors="0">
  <testcase name="verifyAccountSummaryTitleTest" time="0.023" classname="com.zero.qa.testcases.AccountSummaryTest"/>
  <testcase name="verifyBrokerageTest" time="0.38" classname="com.zero.qa.testcases.AccountSummaryTest"/>
  <testcase name="verifyCC" time="0.069" classname="com.zero.qa.testcases.AccountSummaryTest"/>
</testsuite> <!-- Default test -->
