<?xml version="1.0" encoding="UTF-8"?>
<testng-results skipped="0" failed="0" ignored="0" total="1" passed="1">
  <reporter-output>
  </reporter-output>
  <suite name="Default suite" duration-ms="11920" started-at="2018-10-18T13:12:51Z" finished-at="2018-10-18T13:13:03Z">
    <groups>
    </groups>
    <test name="Default test" duration-ms="11920" started-at="2018-10-18T13:12:51Z" finished-at="2018-10-18T13:13:03Z">
      <class name="com.zero.qa.testcases.OnlineBankingTest">
        <test-method status="PASS" signature="setUp()[pri:0, instance:com.zero.qa.testcases.OnlineBankingTest@7085bdee]" name="setUp" is-config="true" duration-ms="8993" started-at="2018-10-18T13:12:51Z" finished-at="2018-10-18T13:13:00Z">
          <reporter-output>
          </reporter-output>
        </test-method> <!-- setUp -->
        <test-method status="PASS" signature="validateTitle()[pri:1, instance:com.zero.qa.testcases.OnlineBankingTest@7085bdee]" name="validateTitle" duration-ms="52" started-at="2018-10-18T13:13:00Z" finished-at="2018-10-18T13:13:00Z">
          <reporter-output>
          </reporter-output>
        </test-method> <!-- validateTitle -->
        <test-method status="PASS" signature="tearDown()[pri:0, instance:com.zero.qa.testcases.OnlineBankingTest@7085bdee]" name="tearDown" is-config="true" duration-ms="2840" started-at="2018-10-18T13:13:00Z" finished-at="2018-10-18T13:13:03Z">
          <reporter-output>
          </reporter-output>
        </test-method> <!-- tearDown -->
      </class> <!-- com.zero.qa.testcases.OnlineBankingTest -->
    </test> <!-- Default test -->
  </suite> <!-- Default suite -->
</testng-results>
