<?xml version="1.0" encoding="UTF-8"?>
<!-- Generated by org.testng.reporters.JUnitXMLReporter -->
<testsuite hostname="USABOS216452L" ignored="0" name="AllTest" tests="11" failures="0" timestamp="18 Oct 2018 21:01:21 GMT" time="98.76" errors="0">
  <testcase name="sendEmptyComment" time="0.667" classname="com.zero.qa.testcases.FeedBackTest"/>
  <testcase name="sendEmptyEmail" time="0.632" classname="com.zero.qa.testcases.FeedBackTest"/>
  <testcase name="sendEmptyMessage" time="0.216" classname="com.zero.qa.testcases.FeedBackTest"/>
  <testcase name="sendEmptySubject" time="0.727" classname="com.zero.qa.testcases.FeedBackTest"/>
  <testcase name="sendInvalidEmail" time="0.815" classname="com.zero.qa.testcases.FeedBackTest"/>
  <testcase name="sendValidMessage" time="1.275" classname="com.zero.qa.testcases.FeedBackTest"/>
  <testcase name="validateFAQ" time="0.487" classname="com.zero.qa.testcases.FeedBackTest"/>
  <testcase name="validateTitle" time="0.018" classname="com.zero.qa.testcases.FeedBackTest"/>
  <testcase name="Tabs1Test" time="0.012" classname="com.zero.qa.testcases.OnlineStatementsTest"/>
  <testcase name="validAccountActivityFindTransaction" time="2.499" classname="com.zero.qa.testcases.TransferFundsTest"/>
  <testcase name="verifyAddNewPayeeTitleTest" time="0.013" classname="com.zero.qa.testcases.AddNewPayeeTest"/>
</testsuite> <!-- AllTest -->
