<?xml version="1.0" encoding="UTF-8"?>
<!-- Generated by org.testng.reporters.JUnitXMLReporter -->
<testsuite hostname="USABOS216452L" ignored="0" name="Test" tests="3" failures="0" timestamp="16 Oct 2018 20:21:40 GMT" time="0.098" errors="0">
  <testcase name="@BeforeMethod setUp" time="0.008" classname="com.zero.qa.testcases.FeedBackTest">
    <failure type="java.lang.NullPointerException">
      <![CDATA[java.lang.NullPointerException
at com.zero.qa.base.TestBase.initialization(TestBase.java:36)
at com.zero.qa.testcases.FeedBackTest.setUp(FeedBackTest.java:21)
... Removed 28 stack frames]]>
    </failure>
  </testcase> <!-- @BeforeMethod setUp -->
  <testcase name="@AfterMethod tearDown" time="0.0" classname="com.zero.qa.testcases.FeedBackTest">
    <skipped/>
  </testcase> <!-- @AfterMethod tearDown -->
  <testcase name="@BeforeMethod setUp" time="0.0" classname="com.zero.qa.testcases.HomeTest">
    <failure type="java.lang.NullPointerException">
      <![CDATA[java.lang.NullPointerException
at com.zero.qa.base.TestBase.initialization(TestBase.java:36)
at com.zero.qa.testcases.HomeTest.setUp(HomeTest.java:23)
... Removed 28 stack frames]]>
    </failure>
  </testcase> <!-- @BeforeMethod setUp -->
  <testcase name="@AfterMethod tearDown" time="0.0" classname="com.zero.qa.testcases.HomeTest">
    <skipped/>
  </testcase> <!-- @AfterMethod tearDown -->
  <testcase name="@BeforeMethod setUp" time="0.001" classname="com.zero.qa.testcases.OnlineBankingTest">
    <failure type="java.lang.NullPointerException">
      <![CDATA[java.lang.NullPointerException
at com.zero.qa.base.TestBase.initialization(TestBase.java:36)
at com.zero.qa.testcases.OnlineBankingTest.setUp(OnlineBankingTest.java:22)
... Removed 28 stack frames]]>
    </failure>
  </testcase> <!-- @BeforeMethod setUp -->
  <testcase name="@AfterMethod tearDown" time="0.0" classname="com.zero.qa.testcases.OnlineBankingTest">
    <skipped/>
  </testcase> <!-- @AfterMethod tearDown -->
  <testcase name="validateTitle" time="0.0" classname="com.zero.qa.testcases.FeedBackTest">
    <skipped/>
  </testcase> <!-- validateTitle -->
  <testcase name="validateTitle" time="0.0" classname="com.zero.qa.testcases.HomeTest">
    <skipped/>
  </testcase> <!-- validateTitle -->
  <testcase name="validateTitle" time="0.0" classname="com.zero.qa.testcases.OnlineBankingTest">
    <skipped/>
  </testcase> <!-- validateTitle -->
</testsuite> <!-- Test -->
