<?xml version="1.0" encoding="UTF-8"?>
<!-- Generated by org.testng.reporters.JUnitXMLReporter -->
<testsuite hostname="USABOS216452L" ignored="0" name="Test" tests="19" failures="0" timestamp="19 Oct 2018 01:10:49 GMT" time="165.758" errors="0">
  <testcase name="verifyAddNewPayeeTitleTest" time="0.018" classname="com.zero.qa.testcases.AddNewPayeeTest"/>
  <testcase name="ValidateTitle" time="0.012" classname="com.zero.qa.testcases.HelpPage_Test"/>
  <testcase name="Tabs1Test" time="0.013" classname="com.zero.qa.testcases.OnlineStatementsTest"/>
  <testcase name="validAccountActivityFindTransaction" time="1.933" classname="com.zero.qa.testcases.TransferFundsTest"/>
  <testcase name="validateTitle" time="0.012" classname="com.zero.qa.testcases.FeedBackTest"/>
  <testcase name="verifyAccountSummaryTitleTest" time="0.017" classname="com.zero.qa.testcases.AccountSummaryTest"/>
  <testcase name="verifyPurForCurTitleTest" time="0.012" classname="com.zero.qa.testcases.PurForCurTest"/>
  <testcase name="verifySavingsTest" time="0.347" classname="com.zero.qa.testcases.ShowTransactionTest"/>
  <testcase name="PageTest" time="0.015" classname="com.zero.qa.testcases.ForgotPassTest"/>
  <testcase name="loginPageTitleTest" time="0.017" classname="com.zero.qa.testcases.AccountActivityFindTransactionTest"/>
  <testcase name="validateTitle" time="0.011" classname="com.zero.qa.testcases.HomeTest"/>
  <testcase name="validateMMMTitle" time="0.013" classname="com.zero.qa.testcases.MyMoneyMapTest"/>
  <testcase name="loginPageTitleTest" time="0.016" classname="com.zero.qa.testcases.LoginPageTest"/>
  <testcase name="validateTitle" time="0.013" classname="com.zero.qa.testcases.OnlineBankingTest"/>
  <testcase name="PayBillsPageTitleTest" time="0.014" classname="com.zero.qa.testcases.PayBillsPaySavedPayeeTest"/>
  <testcase name="verifyAddNewPayeeHeaderTest" time="0.099" classname="com.zero.qa.testcases.AddNewPayeeTest"/>
  <testcase name="TransferFundsTitle" time="0.18" classname="com.zero.qa.testcases.HelpPage_Test"/>
  <testcase name="Tabs2Test" time="0.301" classname="com.zero.qa.testcases.OnlineStatementsTest"/>
  <testcase name="invalidAccountActivityFindTransaction" time="1.673" classname="com.zero.qa.testcases.TransferFundsTest"/>
</testsuite> <!-- Test -->
